node033.129976ipath_userinit: assign_context command failed: Network is down
node033.129976can't open /dev/ipath, network down (err=26)
node033.129979ipath_userinit: assign_context command failed: Network is down
node033.129979can't open /dev/ipath, network down (err=26)
--------------------------------------------------------------------------
PSM was unable to open an endpoint. Please make sure that the network link is
active on the node and the hardware is functioning. 

  Error: Could not detect network connectivity
--------------------------------------------------------------------------
*** An error occurred in MPI_Init
*** on a NULL communicator
*** MPI_ERRORS_ARE_FATAL (processes in this communicator will now abort,
***    and potentially your MPI job)
[node033:129974] Local abort before MPI_INIT completed successfully; not able to aggregate error messages, and not able to guarantee that all other processes were killed!
-------------------------------------------------------
Primary job  terminated normally, but 1 process returned
a non-zero exit code.. Per user-direction, the job has been aborted.
-------------------------------------------------------
--------------------------------------------------------------------------
mpirun detected that one or more processes exited with non-zero status, thus causing
the job to be terminated. The first process to do so was:

  Process name: [[10473,1],1]
  Exit code:    1
--------------------------------------------------------------------------
