node030.95447ipath_userinit: assign_context command failed: Network is down
node030.95447can't open /dev/ipath, network down (err=26)
--------------------------------------------------------------------------
PSM was unable to open an endpoint. Please make sure that the network link is
active on the node and the hardware is functioning. 

  Error: Could not detect network connectivity
--------------------------------------------------------------------------
*** An error occurred in MPI_Init
*** on a NULL communicator
*** MPI_ERRORS_ARE_FATAL (processes in this communicator will now abort,
***    and potentially your MPI job)
[node030:95446] Local abort before MPI_INIT completed successfully; not able to aggregate error messages, and not able to guarantee that all other processes were killed!
-------------------------------------------------------
Primary job  terminated normally, but 1 process returned
a non-zero exit code.. Per user-direction, the job has been aborted.
-------------------------------------------------------
forrtl: error (78): process killed (SIGTERM)
Image              PC                Routine            Line        Source             
libirc.so          00002AAAAFBDC229  Unknown               Unknown  Unknown
libirc.so          00002AAAAFBDABA0  Unknown               Unknown  Unknown
libifcore.so.5     00002AAAAE8A333F  Unknown               Unknown  Unknown
libifcore.so.5     00002AAAAE80AD7F  Unknown               Unknown  Unknown
libifcore.so.5     00002AAAAE81BF4E  Unknown               Unknown  Unknown
libpthread.so.0    0000003C1060F710  Unknown               Unknown  Unknown
libpthread.so.0    0000003C1060A7D0  Unknown               Unknown  Unknown
libopen-pal.so.6   00002AAAB14BDEC3  Unknown               Unknown  Unknown
libopen-pal.so.6   00002AAAB14703DD  Unknown               Unknown  Unknown
libmpi.so.1        00002AAAAE05DF30  Unknown               Unknown  Unknown
libmpi.so.1        00002AAAAE083888  Unknown               Unknown  Unknown
libmpi_mpifh.so.2  00002AAAADDCC727  Unknown               Unknown  Unknown
abinit             0000000002B39EAB  Unknown               Unknown  Unknown
abinit             000000000040B434  Unknown               Unknown  Unknown
abinit             0000000000409F96  Unknown               Unknown  Unknown
libc.so.6          0000003C1021ED5D  Unknown               Unknown  Unknown
abinit             0000000000409E89  Unknown               Unknown  Unknown
*** An error occurred in MPI_Init
*** on a NULL communicator
*** MPI_ERRORS_ARE_FATAL (processes in this communicator will now abort,
***    and potentially your MPI job)
*** An error occurred in MPI_Init
*** on a NULL communicator
*** MPI_ERRORS_ARE_FATAL (processes in this communicator will now abort,
***    and potentially your MPI job)
[node064:38505] Local abort before MPI_INIT completed successfully; not able to aggregate error messages, and not able to guarantee that all other processes were killed!
[node039:94378] Local abort before MPI_INIT completed successfully; not able to aggregate error messages, and not able to guarantee that all other processes were killed!
*** An error occurred in MPI_Init
*** on a NULL communicator
*** MPI_ERRORS_ARE_FATAL (processes in this communicator will now abort,
*** An error occurred in MPI_Init
*** on a NULL communicator
*** MPI_ERRORS_ARE_FATAL (processes in this communicator will now abort,
***    and potentially your MPI job)
[node064:38506] Local abort before MPI_INIT completed successfully; not able to aggregate error messages, and not able to guarantee that all other processes were killed!
***    and potentially your MPI job)
[node039:94377] Local abort before MPI_INIT completed successfully; not able to aggregate error messages, and not able to guarantee that all other processes were killed!
--------------------------------------------------------------------------
mpirun detected that one or more processes exited with non-zero status, thus causing
the job to be terminated. The first process to do so was:

  Process name: [[34208,1],0]
  Exit code:    1
--------------------------------------------------------------------------
